 WARN [2012-11-05 12:35:43,030] (ConnectionFactory.java:clearCache:209) - No cached connections
 WARN [2012-11-05 12:35:43,035] (DescribeObjectRegistry.java:clearCache:654) - No cached describes
 WARN [2012-11-05 12:35:43,035] (MetadataFactory.java:clearCache:120) - No cached metadata stubs
 WARN [2012-11-05 14:43:59,263] (ConnectionFactory.java:clearCache:209) - No cached connections
 WARN [2012-11-05 14:43:59,269] (DescribeObjectRegistry.java:clearCache:654) - No cached describes
 WARN [2012-11-05 14:43:59,269] (MetadataFactory.java:clearCache:120) - No cached metadata stubs
 WARN [2012-11-07 11:58:25,166] (ConnectionFactory.java:clearCache:209) - No cached connections
 WARN [2012-11-07 11:58:25,188] (DescribeObjectRegistry.java:clearCache:654) - No cached describes
 WARN [2012-11-07 11:58:25,188] (MetadataFactory.java:clearCache:120) - No cached metadata stubs
 WARN [2012-11-13 11:41:04,428] (ConnectionFactory.java:clearCache:209) - No cached connections
 WARN [2012-11-13 11:41:04,434] (DescribeObjectRegistry.java:clearCache:654) - No cached describes
 WARN [2012-11-13 11:41:04,434] (MetadataFactory.java:clearCache:120) - No cached metadata stubs
 WARN [2012-11-14 11:14:48,372] (ConnectionFactory.java:clearCache:209) - No cached connections
 WARN [2012-11-14 11:14:48,377] (DescribeObjectRegistry.java:clearCache:654) - No cached describes
 WARN [2012-11-14 11:14:48,378] (MetadataFactory.java:clearCache:120) - No cached metadata stubs
 WARN [2012-11-14 16:16:24,801] (ConnectionFactory.java:clearCache:209) - No cached connections
 WARN [2012-11-14 16:16:24,807] (DescribeObjectRegistry.java:clearCache:654) - No cached describes
 WARN [2012-11-14 16:16:24,807] (MetadataFactory.java:clearCache:120) - No cached metadata stubs
 WARN [2012-11-16 16:22:48,483] (ConnectionFactory.java:clearCache:209) - No cached connections
 WARN [2012-11-16 16:22:48,509] (DescribeObjectRegistry.java:clearCache:654) - No cached describes
 WARN [2012-11-16 16:22:48,509] (MetadataFactory.java:clearCache:120) - No cached metadata stubs
 WARN [2012-11-26 21:42:26,025] (ConnectionFactory.java:clearCache:209) - No cached connections
 WARN [2012-11-26 21:42:26,030] (DescribeObjectRegistry.java:clearCache:654) - No cached describes
 WARN [2012-11-26 21:42:26,030] (MetadataFactory.java:clearCache:120) - No cached metadata stubs
 WARN [2012-11-26 21:43:44,970] (ConnectionFactory.java:clearCache:209) - No cached connections
 WARN [2012-11-26 21:43:44,976] (DescribeObjectRegistry.java:clearCache:654) - No cached describes
 WARN [2012-11-26 21:43:44,977] (MetadataFactory.java:clearCache:120) - No cached metadata stubs
 WARN [2012-11-26 21:50:35,828] (ConnectionFactory.java:clearCache:209) - No cached connections
 WARN [2012-11-26 21:50:35,833] (DescribeObjectRegistry.java:clearCache:654) - No cached describes
 WARN [2012-11-26 21:50:35,833] (MetadataFactory.java:clearCache:120) - No cached metadata stubs
 WARN [2012-12-16 22:30:34,088] (ConnectionFactory.java:clearCache:209) - No cached connections
 WARN [2012-12-16 22:30:34,103] (DescribeObjectRegistry.java:clearCache:654) - No cached describes
 WARN [2012-12-16 22:30:34,104] (MetadataFactory.java:clearCache:120) - No cached metadata stubs
 WARN [2012-12-16 22:42:39,514] (ConnectionFactory.java:clearCache:209) - No cached connections
 WARN [2012-12-16 22:42:39,518] (DescribeObjectRegistry.java:clearCache:654) - No cached describes
 WARN [2012-12-16 22:42:39,518] (MetadataFactory.java:clearCache:120) - No cached metadata stubs
 WARN [2012-12-17 04:06:51,450] (ConnectionFactory.java:clearCache:209) - No cached connections
 WARN [2012-12-17 04:06:51,456] (DescribeObjectRegistry.java:clearCache:654) - No cached describes
 WARN [2012-12-17 04:06:51,456] (MetadataFactory.java:clearCache:120) - No cached metadata stubs
 WARN [2012-12-19 19:28:15,104] (ConnectionFactory.java:clearCache:209) - No cached connections
 WARN [2012-12-19 19:28:15,109] (DescribeObjectRegistry.java:clearCache:654) - No cached describes
 WARN [2012-12-19 19:28:15,110] (MetadataFactory.java:clearCache:120) - No cached metadata stubs
 WARN [2012-12-20 00:27:32,458] (ConnectionFactory.java:clearCache:209) - No cached connections
 WARN [2012-12-20 00:27:32,464] (DescribeObjectRegistry.java:clearCache:654) - No cached describes
 WARN [2012-12-20 00:27:32,464] (MetadataFactory.java:clearCache:120) - No cached metadata stubs
ERROR [2012-12-20 00:28:51,523] (ExtensionFactory.java:setInitializationData:54) - Unable to get bean instance for bean id 'showInBrowserAction' of class 'n/a'
com.salesforce.ide.core.project.ForceProjectException: Unable to get bean for id 'showInBrowserAction'
	at com.salesforce.ide.core.internal.utils.ForceExceptionUtils.throwNewForceProjectException(ForceExceptionUtils.java:195)
	at com.salesforce.ide.core.internal.context.BaseContextHandler.getBean(BaseContextHandler.java:163)
	at com.salesforce.ide.core.internal.context.BaseContainerDelegate.getBean(BaseContainerDelegate.java:51)
	at com.salesforce.ide.core.internal.factories.ExtensionFactory.setInitializationData(ExtensionFactory.java:49)
	at org.eclipse.core.internal.registry.ConfigurationElement.createExecutableExtension(ConfigurationElement.java:251)
	at org.eclipse.core.internal.registry.ConfigurationElementHandle.createExecutableExtension(ConfigurationElementHandle.java:55)
	at org.eclipse.ui.internal.WorkbenchPlugin.createExtension(WorkbenchPlugin.java:265)
	at org.eclipse.ui.internal.PluginAction.createDelegate(PluginAction.java:122)
	at org.eclipse.ui.internal.PluginAction.selectionChanged(PluginAction.java:275)
	at org.eclipse.ui.internal.PluginAction.<init>(PluginAction.java:112)
	at org.eclipse.ui.internal.ObjectPluginAction.<init>(ObjectPluginAction.java:83)
	at org.eclipse.ui.internal.ActionDescriptor.createAction(ActionDescriptor.java:272)
	at org.eclipse.ui.internal.ActionDescriptor.<init>(ActionDescriptor.java:176)
	at org.eclipse.ui.internal.ActionDescriptor.<init>(ActionDescriptor.java:103)
	at org.eclipse.ui.internal.ObjectActionContributor.createActionDescriptor(ObjectActionContributor.java:201)
	at org.eclipse.ui.internal.PluginActionBuilder.readElement(PluginActionBuilder.java:161)
	at org.eclipse.ui.internal.ObjectActionContributor.readElement(ObjectActionContributor.java:280)
	at org.eclipse.ui.internal.registry.RegistryReader.readElements(RegistryReader.java:144)
	at org.eclipse.ui.internal.registry.RegistryReader.readElementChildren(RegistryReader.java:133)
	at org.eclipse.ui.internal.ObjectActionContributor.readConfigElement(ObjectActionContributor.java:251)
	at org.eclipse.ui.internal.ObjectActionContributor.isApplicableTo(ObjectActionContributor.java:217)
	at org.eclipse.ui.internal.ObjectContributorManager.isApplicableTo(ObjectContributorManager.java:303)
	at org.eclipse.ui.internal.ObjectActionContributorManager.contributeObjectActions(ObjectActionContributorManager.java:83)
	at org.eclipse.ui.internal.PopupMenuExtender.addObjectActions(PopupMenuExtender.java:316)
	at org.eclipse.ui.internal.PopupMenuExtender.menuAboutToShow(PopupMenuExtender.java:390)
	at org.eclipse.jface.action.MenuManager.fireAboutToShow(MenuManager.java:343)
	at org.eclipse.jface.action.MenuManager.handleAboutToShow(MenuManager.java:475)
	at org.eclipse.jface.action.MenuManager.access$1(MenuManager.java:470)
	at org.eclipse.jface.action.MenuManager$2.menuShown(MenuManager.java:500)
	at org.eclipse.swt.widgets.TypedListener.handleEvent(TypedListener.java:255)
	at org.eclipse.swt.widgets.EventTable.sendEvent(EventTable.java:84)
	at org.eclipse.swt.widgets.Display.sendEvent(Display.java:4134)
	at org.eclipse.swt.widgets.Widget.sendEvent(Widget.java:1458)
	at org.eclipse.swt.widgets.Widget.sendEvent(Widget.java:1481)
	at org.eclipse.swt.widgets.Widget.sendEvent(Widget.java:1462)
	at org.eclipse.swt.widgets.Menu.menuWillOpen(Menu.java:806)
	at org.eclipse.swt.widgets.Display.windowProc(Display.java:5547)
	at org.eclipse.swt.internal.cocoa.OS.objc_msgSend(Native Method)
	at org.eclipse.swt.internal.cocoa.NSMenu.popUpContextMenu(NSMenu.java:77)
	at org.eclipse.swt.widgets.Menu._setVisible(Menu.java:278)
	at org.eclipse.swt.widgets.Display.runPopups(Display.java:4057)
	at org.eclipse.swt.widgets.Display.readAndDispatch(Display.java:3612)
	at org.eclipse.e4.ui.internal.workbench.swt.PartRenderingEngine$9.run(PartRenderingEngine.java:1029)
	at org.eclipse.core.databinding.observable.Realm.runWithDefault(Realm.java:332)
	at org.eclipse.e4.ui.internal.workbench.swt.PartRenderingEngine.run(PartRenderingEngine.java:923)
	at org.eclipse.e4.ui.internal.workbench.E4Workbench.createAndRunUI(E4Workbench.java:86)
	at org.eclipse.ui.internal.Workbench$5.run(Workbench.java:588)
	at org.eclipse.core.databinding.observable.Realm.runWithDefault(Realm.java:332)
	at org.eclipse.ui.internal.Workbench.createAndRunWorkbench(Workbench.java:543)
	at org.eclipse.ui.PlatformUI.createAndRunWorkbench(PlatformUI.java:149)
	at org.eclipse.ui.internal.ide.application.IDEApplication.start(IDEApplication.java:124)
	at org.eclipse.equinox.internal.app.EclipseAppHandle.run(EclipseAppHandle.java:196)
	at org.eclipse.core.runtime.internal.adaptor.EclipseAppLauncher.runApplication(EclipseAppLauncher.java:110)
	at org.eclipse.core.runtime.internal.adaptor.EclipseAppLauncher.start(EclipseAppLauncher.java:79)
	at org.eclipse.core.runtime.adaptor.EclipseStarter.run(EclipseStarter.java:353)
	at org.eclipse.core.runtime.adaptor.EclipseStarter.run(EclipseStarter.java:180)
	at sun.reflect.NativeMethodAccessorImpl.invoke0(Native Method)
	at sun.reflect.NativeMethodAccessorImpl.invoke(NativeMethodAccessorImpl.java:39)
	at sun.reflect.DelegatingMethodAccessorImpl.invoke(DelegatingMethodAccessorImpl.java:25)
	at java.lang.reflect.Method.invoke(Method.java:597)
	at org.eclipse.equinox.launcher.Main.invokeFramework(Main.java:629)
	at org.eclipse.equinox.launcher.Main.basicRun(Main.java:584)
	at org.eclipse.equinox.launcher.Main.run(Main.java:1438)
Caused by: org.springframework.beans.factory.NoSuchBeanDefinitionException: No bean named 'showInBrowserAction' is defined
	at org.springframework.beans.factory.support.DefaultListableBeanFactory.getBeanDefinition(DefaultListableBeanFactory.java:388)
	at org.springframework.beans.factory.support.AbstractBeanFactory.getMergedLocalBeanDefinition(AbstractBeanFactory.java:976)
	at org.springframework.beans.factory.support.AbstractBeanFactory.doGetBean(AbstractBeanFactory.java:245)
	at org.springframework.beans.factory.support.AbstractBeanFactory.getBean(AbstractBeanFactory.java:184)
	at org.springframework.beans.factory.support.AbstractBeanFactory.getBean(AbstractBeanFactory.java:167)
	at org.springframework.beans.factory.support.AbstractBeanFactory.doGetBean(AbstractBeanFactory.java:237)
	at org.springframework.beans.factory.support.AbstractBeanFactory.getBean(AbstractBeanFactory.java:184)
	at org.springframework.beans.factory.support.AbstractBeanFactory.getBean(AbstractBeanFactory.java:163)
	at org.springframework.context.support.AbstractApplicationContext.getBean(AbstractApplicationContext.java:881)
	at com.salesforce.ide.core.internal.context.BaseContextHandler.getBean(BaseContextHandler.java:160)
	... 61 more
 WARN [2012-12-20 10:15:27,705] (ConnectionFactory.java:clearCache:209) - No cached connections
 WARN [2012-12-20 10:15:27,708] (DescribeObjectRegistry.java:clearCache:654) - No cached describes
 WARN [2012-12-20 10:15:27,710] (MetadataFactory.java:clearCache:120) - No cached metadata stubs
 WARN [2012-12-20 13:56:23,367] (ConnectionFactory.java:clearCache:209) - No cached connections
 WARN [2012-12-20 13:56:23,372] (DescribeObjectRegistry.java:clearCache:654) - No cached describes
 WARN [2012-12-20 13:56:23,377] (MetadataFactory.java:clearCache:120) - No cached metadata stubs
